<?xml version="1.0" encoding="UTF-8"?>
<testsuite name="com.leedo.book.springboot.web.HelloControllerTest" tests="2" skipped="0" failures="0" errors="0" timestamp="2021-11-08T14:48:31" hostname="DESKTOP-NK79HB5" time="0.314">
  <properties/>
  <testcase name="hello_Dto가_리턴된다" classname="com.leedo.book.springboot.web.HelloControllerTest" time="0.305"/>
  <testcase name="hello가_리턴된다" classname="com.leedo.book.springboot.web.HelloControllerTest" time="0.008"/>
  <system-out><![CDATA[23:48:28.639 [Test worker] DEBUG org.springframework.test.context.junit4.SpringJUnit4ClassRunner - SpringJUnit4ClassRunner constructor called with [class com.leedo.book.springboot.web.HelloControllerTest]
23:48:28.651 [Test worker] DEBUG org.springframework.test.context.BootstrapUtils - Instantiating CacheAwareContextLoaderDelegate from class [org.springframework.test.context.cache.DefaultCacheAwareContextLoaderDelegate]
23:48:28.662 [Test worker] DEBUG org.springframework.test.context.BootstrapUtils - Instantiating BootstrapContext using constructor [public org.springframework.test.context.support.DefaultBootstrapContext(java.lang.Class,org.springframework.test.context.CacheAwareContextLoaderDelegate)]
23:48:28.690 [Test worker] DEBUG org.springframework.test.context.BootstrapUtils - Instantiating TestContextBootstrapper for test class [com.leedo.book.springboot.web.HelloControllerTest] from class [org.springframework.boot.test.autoconfigure.web.servlet.WebMvcTestContextBootstrapper]
23:48:28.713 [Test worker] INFO org.springframework.boot.test.autoconfigure.web.servlet.WebMvcTestContextBootstrapper - Neither @ContextConfiguration nor @ContextHierarchy found for test class [com.leedo.book.springboot.web.HelloControllerTest], using SpringBootContextLoader
23:48:28.717 [Test worker] DEBUG org.springframework.test.context.support.AbstractContextLoader - Did not detect default resource location for test class [com.leedo.book.springboot.web.HelloControllerTest]: class path resource [com/leedo/book/springboot/web/HelloControllerTest-context.xml] does not exist
23:48:28.717 [Test worker] DEBUG org.springframework.test.context.support.AbstractContextLoader - Did not detect default resource location for test class [com.leedo.book.springboot.web.HelloControllerTest]: class path resource [com/leedo/book/springboot/web/HelloControllerTestContext.groovy] does not exist
23:48:28.717 [Test worker] INFO org.springframework.test.context.support.AbstractContextLoader - Could not detect default resource locations for test class [com.leedo.book.springboot.web.HelloControllerTest]: no resource found for suffixes {-context.xml, Context.groovy}.
23:48:28.718 [Test worker] INFO org.springframework.test.context.support.AnnotationConfigContextLoaderUtils - Could not detect default configuration classes for test class [com.leedo.book.springboot.web.HelloControllerTest]: HelloControllerTest does not declare any static, non-private, non-final, nested classes annotated with @Configuration.
23:48:28.789 [Test worker] DEBUG org.springframework.test.context.support.ActiveProfilesUtils - Could not find an 'annotation declaring class' for annotation type [org.springframework.test.context.ActiveProfiles] and class [com.leedo.book.springboot.web.HelloControllerTest]
23:48:28.861 [Test worker] DEBUG org.springframework.context.annotation.ClassPathScanningCandidateComponentProvider - Identified candidate component class: file [E:\IdeaProjects\Springboot-webservice\build\classes\java\main\com\leedo\book\springboot\Application.class]
23:48:28.863 [Test worker] INFO org.springframework.boot.test.context.SpringBootTestContextBootstrapper - Found @SpringBootConfiguration com.leedo.book.springboot.Application for test class com.leedo.book.springboot.web.HelloControllerTest
23:48:28.865 [Test worker] DEBUG org.springframework.boot.test.autoconfigure.web.servlet.WebMvcTestContextBootstrapper - @TestExecutionListeners is not present for class [com.leedo.book.springboot.web.HelloControllerTest]: using defaults.
23:48:28.866 [Test worker] INFO org.springframework.boot.test.autoconfigure.web.servlet.WebMvcTestContextBootstrapper - Loaded default TestExecutionListener class names from location [META-INF/spring.factories]: [org.springframework.security.test.context.support.WithSecurityContextTestExecutionListener, org.springframework.security.test.context.support.ReactorContextTestExecutionListener, org.springframework.boot.test.autoconfigure.restdocs.RestDocsTestExecutionListener, org.springframework.boot.test.autoconfigure.web.client.MockRestServiceServerResetTestExecutionListener, org.springframework.boot.test.autoconfigure.web.servlet.MockMvcPrintOnlyOnFailureTestExecutionListener, org.springframework.boot.test.autoconfigure.web.servlet.WebDriverTestExecutionListener, org.springframework.boot.test.mock.mockito.MockitoTestExecutionListener, org.springframework.boot.test.mock.mockito.ResetMocksTestExecutionListener, org.springframework.test.context.web.ServletTestExecutionListener, org.springframework.test.context.support.DirtiesContextBeforeModesTestExecutionListener, org.springframework.test.context.support.DependencyInjectionTestExecutionListener, org.springframework.test.context.support.DirtiesContextTestExecutionListener, org.springframework.test.context.transaction.TransactionalTestExecutionListener, org.springframework.test.context.jdbc.SqlScriptsTestExecutionListener]
23:48:28.887 [Test worker] INFO org.springframework.boot.test.autoconfigure.web.servlet.WebMvcTestContextBootstrapper - Using TestExecutionListeners: [org.springframework.test.context.web.ServletTestExecutionListener@21dff8d, org.springframework.test.context.support.DirtiesContextBeforeModesTestExecutionListener@54ffb244, org.springframework.boot.test.mock.mockito.MockitoTestExecutionListener@2a5f1440, org.springframework.boot.test.autoconfigure.SpringBootDependencyInjectionTestExecutionListener@4e2b9158, org.springframework.test.context.support.DirtiesContextTestExecutionListener@2327ee87, org.springframework.test.context.transaction.TransactionalTestExecutionListener@a630535, org.springframework.test.context.jdbc.SqlScriptsTestExecutionListener@584cfd2d, org.springframework.security.test.context.support.WithSecurityContextTestExecutionListener@4aff062d, org.springframework.security.test.context.support.ReactorContextTestExecutionListener@56308a23, org.springframework.boot.test.autoconfigure.restdocs.RestDocsTestExecutionListener@44e8777d, org.springframework.boot.test.autoconfigure.web.client.MockRestServiceServerResetTestExecutionListener@7b724f58, org.springframework.boot.test.autoconfigure.web.servlet.MockMvcPrintOnlyOnFailureTestExecutionListener@490ee075, org.springframework.boot.test.autoconfigure.web.servlet.WebDriverTestExecutionListener@1b3d0ae5, org.springframework.boot.test.mock.mockito.ResetMocksTestExecutionListener@1c69d560]
23:48:28.890 [Test worker] DEBUG org.springframework.test.annotation.ProfileValueUtils - Retrieved @ProfileValueSourceConfiguration [null] for test class [com.leedo.book.springboot.web.HelloControllerTest]
23:48:28.891 [Test worker] DEBUG org.springframework.test.annotation.ProfileValueUtils - Retrieved ProfileValueSource type [class org.springframework.test.annotation.SystemProfileValueSource] for class [com.leedo.book.springboot.web.HelloControllerTest]
23:48:28.891 [Test worker] DEBUG org.springframework.test.annotation.ProfileValueUtils - Retrieved @ProfileValueSourceConfiguration [null] for test class [com.leedo.book.springboot.web.HelloControllerTest]
23:48:28.891 [Test worker] DEBUG org.springframework.test.annotation.ProfileValueUtils - Retrieved ProfileValueSource type [class org.springframework.test.annotation.SystemProfileValueSource] for class [com.leedo.book.springboot.web.HelloControllerTest]
23:48:28.895 [Test worker] DEBUG org.springframework.test.context.support.AbstractDirtiesContextTestExecutionListener - Before test class: context [DefaultTestContext@5dd59e3d testClass = HelloControllerTest, testInstance = [null], testMethod = [null], testException = [null], mergedContextConfiguration = [WebMergedContextConfiguration@53589635 testClass = HelloControllerTest, locations = '{}', classes = '{class com.leedo.book.springboot.Application}', contextInitializerClasses = '[]', activeProfiles = '{}', propertySourceLocations = '{}', propertySourceProperties = '{org.springframework.boot.test.autoconfigure.web.servlet.WebMvcTestContextBootstrapper=true}', contextCustomizers = set[org.springframework.boot.test.autoconfigure.OverrideAutoConfigurationContextCustomizerFactory$DisableAutoConfigurationContextCustomizer@7c9779d9, org.springframework.boot.test.autoconfigure.filter.TypeExcludeFiltersContextCustomizer@7129eb93, org.springframework.boot.test.autoconfigure.properties.PropertyMappingContextCustomizer@d52fcb3, org.springframework.boot.test.autoconfigure.web.servlet.WebDriverContextCustomizerFactory$Customizer@f5e540, [ImportsContextCustomizer@1e564137 key = [org.springframework.boot.autoconfigure.cache.CacheAutoConfiguration, org.springframework.boot.autoconfigure.context.MessageSourceAutoConfiguration, org.springframework.boot.autoconfigure.data.web.SpringDataWebAutoConfiguration, org.springframework.boot.autoconfigure.freemarker.FreeMarkerAutoConfiguration, org.springframework.boot.autoconfigure.groovy.template.GroovyTemplateAutoConfiguration, org.springframework.boot.autoconfigure.gson.GsonAutoConfiguration, org.springframework.boot.autoconfigure.hateoas.HypermediaAutoConfiguration, org.springframework.boot.autoconfigure.http.HttpMessageConvertersAutoConfiguration, org.springframework.boot.autoconfigure.jackson.JacksonAutoConfiguration, org.springframework.boot.autoconfigure.jsonb.JsonbAutoConfiguration, org.springframework.boot.autoconfigure.mustache.MustacheAutoConfiguration, org.springframework.boot.autoconfigure.task.TaskExecutionAutoConfiguration, org.springframework.boot.autoconfigure.thymeleaf.ThymeleafAutoConfiguration, org.springframework.boot.autoconfigure.validation.ValidationAutoConfiguration, org.springframework.boot.autoconfigure.web.servlet.error.ErrorMvcAutoConfiguration, org.springframework.boot.autoconfigure.web.servlet.WebMvcAutoConfiguration, org.springframework.boot.test.autoconfigure.web.servlet.MockMvcAutoConfiguration, org.springframework.boot.test.autoconfigure.web.servlet.MockMvcSecurityAutoConfiguration, org.springframework.boot.test.autoconfigure.web.servlet.MockMvcWebClientAutoConfiguration, org.springframework.boot.test.autoconfigure.web.servlet.MockMvcWebDriverAutoConfiguration]], org.springframework.boot.test.context.filter.ExcludeFilterContextCustomizer@192b5af9, org.springframework.boot.test.json.DuplicateJsonObjectContextCustomizerFactory$DuplicateJsonObjectContextCustomizer@40846c1f, org.springframework.boot.test.mock.mockito.MockitoContextCustomizer@0], resourceBasePath = 'src/main/webapp', contextLoader = 'org.springframework.boot.test.context.SpringBootContextLoader', parent = [null]], attributes = map[[empty]]], class annotated with @DirtiesContext [false] with mode [null].
23:48:28.897 [Test worker] DEBUG org.springframework.test.annotation.ProfileValueUtils - Retrieved @ProfileValueSourceConfiguration [null] for test class [com.leedo.book.springboot.web.HelloControllerTest]
23:48:28.897 [Test worker] DEBUG org.springframework.test.annotation.ProfileValueUtils - Retrieved ProfileValueSource type [class org.springframework.test.annotation.SystemProfileValueSource] for class [com.leedo.book.springboot.web.HelloControllerTest]
23:48:28.901 [Test worker] DEBUG org.springframework.test.context.support.DependencyInjectionTestExecutionListener - Performing dependency injection for test context [[DefaultTestContext@5dd59e3d testClass = HelloControllerTest, testInstance = com.leedo.book.springboot.web.HelloControllerTest@1d771015, testMethod = [null], testException = [null], mergedContextConfiguration = [WebMergedContextConfiguration@53589635 testClass = HelloControllerTest, locations = '{}', classes = '{class com.leedo.book.springboot.Application}', contextInitializerClasses = '[]', activeProfiles = '{}', propertySourceLocations = '{}', propertySourceProperties = '{org.springframework.boot.test.autoconfigure.web.servlet.WebMvcTestContextBootstrapper=true}', contextCustomizers = set[org.springframework.boot.test.autoconfigure.OverrideAutoConfigurationContextCustomizerFactory$DisableAutoConfigurationContextCustomizer@7c9779d9, org.springframework.boot.test.autoconfigure.filter.TypeExcludeFiltersContextCustomizer@7129eb93, org.springframework.boot.test.autoconfigure.properties.PropertyMappingContextCustomizer@d52fcb3, org.springframework.boot.test.autoconfigure.web.servlet.WebDriverContextCustomizerFactory$Customizer@f5e540, [ImportsContextCustomizer@1e564137 key = [org.springframework.boot.autoconfigure.cache.CacheAutoConfiguration, org.springframework.boot.autoconfigure.context.MessageSourceAutoConfiguration, org.springframework.boot.autoconfigure.data.web.SpringDataWebAutoConfiguration, org.springframework.boot.autoconfigure.freemarker.FreeMarkerAutoConfiguration, org.springframework.boot.autoconfigure.groovy.template.GroovyTemplateAutoConfiguration, org.springframework.boot.autoconfigure.gson.GsonAutoConfiguration, org.springframework.boot.autoconfigure.hateoas.HypermediaAutoConfiguration, org.springframework.boot.autoconfigure.http.HttpMessageConvertersAutoConfiguration, org.springframework.boot.autoconfigure.jackson.JacksonAutoConfiguration, org.springframework.boot.autoconfigure.jsonb.JsonbAutoConfiguration, org.springframework.boot.autoconfigure.mustache.MustacheAutoConfiguration, org.springframework.boot.autoconfigure.task.TaskExecutionAutoConfiguration, org.springframework.boot.autoconfigure.thymeleaf.ThymeleafAutoConfiguration, org.springframework.boot.autoconfigure.validation.ValidationAutoConfiguration, org.springframework.boot.autoconfigure.web.servlet.error.ErrorMvcAutoConfiguration, org.springframework.boot.autoconfigure.web.servlet.WebMvcAutoConfiguration, org.springframework.boot.test.autoconfigure.web.servlet.MockMvcAutoConfiguration, org.springframework.boot.test.autoconfigure.web.servlet.MockMvcSecurityAutoConfiguration, org.springframework.boot.test.autoconfigure.web.servlet.MockMvcWebClientAutoConfiguration, org.springframework.boot.test.autoconfigure.web.servlet.MockMvcWebDriverAutoConfiguration]], org.springframework.boot.test.context.filter.ExcludeFilterContextCustomizer@192b5af9, org.springframework.boot.test.json.DuplicateJsonObjectContextCustomizerFactory$DuplicateJsonObjectContextCustomizer@40846c1f, org.springframework.boot.test.mock.mockito.MockitoContextCustomizer@0], resourceBasePath = 'src/main/webapp', contextLoader = 'org.springframework.boot.test.context.SpringBootContextLoader', parent = [null]], attributes = map[[empty]]]].
23:48:29.018 [Test worker] DEBUG org.springframework.test.context.support.TestPropertySourceUtils - Adding inlined properties to environment: {spring.jmx.enabled=false, org.springframework.boot.test.autoconfigure.web.servlet.WebMvcTestContextBootstrapper=true, server.port=-1}

  .   ____          _            __ _ _
 /\\ / ___'_ __ _ _(_)_ __  __ _ \ \ \ \
( ( )\___ | '_ | '_| | '_ \/ _` | \ \ \ \
 \\/  ___)| |_)| | | | | || (_| |  ) ) ) )
  '  |____| .__|_| |_|_| |_\__, | / / / /
 =========|_|==============|___/=/_/_/_/
 :: Spring Boot ::        (v2.1.7.RELEASE)

2021-11-08 23:48:29.305  INFO 26516 --- [    Test worker] c.l.b.s.web.HelloControllerTest          : Starting HelloControllerTest on DESKTOP-NK79HB5 with PID 26516 (started by dlehg in E:\IdeaProjects\Springboot-webservice)
2021-11-08 23:48:29.309  INFO 26516 --- [    Test worker] c.l.b.s.web.HelloControllerTest          : No active profile set, falling back to default profiles: default
2021-11-08 23:48:30.873  INFO 26516 --- [    Test worker] o.s.s.concurrent.ThreadPoolTaskExecutor  : Initializing ExecutorService 'applicationTaskExecutor'
2021-11-08 23:48:30.958  INFO 26516 --- [    Test worker] o.s.b.a.w.s.WelcomePageHandlerMapping    : Adding welcome page template: index
2021-11-08 23:48:31.277  INFO 26516 --- [    Test worker] .s.s.UserDetailsServiceAutoConfiguration : 

Using generated security password: 1cee40d2-4962-4887-ad8c-9650dfa6a150

2021-11-08 23:48:31.581  INFO 26516 --- [    Test worker] o.s.s.web.DefaultSecurityFilterChain     : Creating filter chain: any request, [org.springframework.security.web.context.request.async.WebAsyncManagerIntegrationFilter@3222e4c7, org.springframework.security.web.context.SecurityContextPersistenceFilter@2665f214, org.springframework.security.web.header.HeaderWriterFilter@e55925, org.springframework.security.web.csrf.CsrfFilter@77c4ad07, org.springframework.security.web.authentication.logout.LogoutFilter@13c67065, org.springframework.security.web.authentication.UsernamePasswordAuthenticationFilter@6231bb08, org.springframework.security.web.authentication.ui.DefaultLoginPageGeneratingFilter@339eb1d0, org.springframework.security.web.authentication.ui.DefaultLogoutPageGeneratingFilter@763438d8, org.springframework.security.web.authentication.www.BasicAuthenticationFilter@3b0efcd5, org.springframework.security.web.savedrequest.RequestCacheAwareFilter@6c49e6a7, org.springframework.security.web.servletapi.SecurityContextHolderAwareRequestFilter@2ef5cc21, org.springframework.security.web.authentication.AnonymousAuthenticationFilter@5f44a985, org.springframework.security.web.session.SessionManagementFilter@2477e317, org.springframework.security.web.access.ExceptionTranslationFilter@15087651, org.springframework.security.web.access.intercept.FilterSecurityInterceptor@60d65ac8]
2021-11-08 23:48:31.637  INFO 26516 --- [    Test worker] o.s.b.t.m.w.SpringBootMockServletContext : Initializing Spring TestDispatcherServlet ''
2021-11-08 23:48:31.638  INFO 26516 --- [    Test worker] o.s.t.web.servlet.TestDispatcherServlet  : Initializing Servlet ''
2021-11-08 23:48:31.657  INFO 26516 --- [    Test worker] o.s.t.web.servlet.TestDispatcherServlet  : Completed initialization in 19 ms
2021-11-08 23:48:31.707  INFO 26516 --- [    Test worker] c.l.b.s.web.HelloControllerTest          : Started HelloControllerTest in 2.681 seconds (JVM running for 4.531)
]]></system-out>
  <system-err><![CDATA[]]></system-err>
</testsuite>
