<?xml version="1.0" encoding="UTF-8"?>
<testsuite name="com.leedo.book.springboot.web.PostsApiControllerTest" tests="2" skipped="0" failures="0" errors="0" timestamp="2021-11-08T14:48:39" hostname="DESKTOP-NK79HB5" time="0.115">
  <properties/>
  <testcase name="Posts_등록된다" classname="com.leedo.book.springboot.web.PostsApiControllerTest" time="0.085"/>
  <testcase name="Posts_수정된다" classname="com.leedo.book.springboot.web.PostsApiControllerTest" time="0.03"/>
  <system-out><![CDATA[2021-11-08 23:48:39.664  INFO 26516 --- [    Test worker] .b.t.c.SpringBootTestContextBootstrapper : Neither @ContextConfiguration nor @ContextHierarchy found for test class [com.leedo.book.springboot.web.PostsApiControllerTest], using SpringBootContextLoader
2021-11-08 23:48:39.665  INFO 26516 --- [    Test worker] o.s.t.c.support.AbstractContextLoader    : Could not detect default resource locations for test class [com.leedo.book.springboot.web.PostsApiControllerTest]: no resource found for suffixes {-context.xml, Context.groovy}.
2021-11-08 23:48:39.665  INFO 26516 --- [    Test worker] t.c.s.AnnotationConfigContextLoaderUtils : Could not detect default configuration classes for test class [com.leedo.book.springboot.web.PostsApiControllerTest]: PostsApiControllerTest does not declare any static, non-private, non-final, nested classes annotated with @Configuration.
2021-11-08 23:48:39.668  INFO 26516 --- [    Test worker] .b.t.c.SpringBootTestContextBootstrapper : Found @SpringBootConfiguration com.leedo.book.springboot.Application for test class com.leedo.book.springboot.web.PostsApiControllerTest
2021-11-08 23:48:39.669  INFO 26516 --- [    Test worker] .b.t.c.SpringBootTestContextBootstrapper : Loaded default TestExecutionListener class names from location [META-INF/spring.factories]: [org.springframework.security.test.context.support.WithSecurityContextTestExecutionListener, org.springframework.security.test.context.support.ReactorContextTestExecutionListener, org.springframework.boot.test.autoconfigure.restdocs.RestDocsTestExecutionListener, org.springframework.boot.test.autoconfigure.web.client.MockRestServiceServerResetTestExecutionListener, org.springframework.boot.test.autoconfigure.web.servlet.MockMvcPrintOnlyOnFailureTestExecutionListener, org.springframework.boot.test.autoconfigure.web.servlet.WebDriverTestExecutionListener, org.springframework.boot.test.mock.mockito.MockitoTestExecutionListener, org.springframework.boot.test.mock.mockito.ResetMocksTestExecutionListener, org.springframework.test.context.web.ServletTestExecutionListener, org.springframework.test.context.support.DirtiesContextBeforeModesTestExecutionListener, org.springframework.test.context.support.DependencyInjectionTestExecutionListener, org.springframework.test.context.support.DirtiesContextTestExecutionListener, org.springframework.test.context.transaction.TransactionalTestExecutionListener, org.springframework.test.context.jdbc.SqlScriptsTestExecutionListener]
2021-11-08 23:48:39.670  INFO 26516 --- [    Test worker] .b.t.c.SpringBootTestContextBootstrapper : Using TestExecutionListeners: [org.springframework.test.context.web.ServletTestExecutionListener@1a1c042, org.springframework.test.context.support.DirtiesContextBeforeModesTestExecutionListener@7f514bbc, org.springframework.boot.test.mock.mockito.MockitoTestExecutionListener@29fbf651, org.springframework.boot.test.autoconfigure.SpringBootDependencyInjectionTestExecutionListener@569a6773, org.springframework.test.context.support.DirtiesContextTestExecutionListener@59361e32, org.springframework.test.context.transaction.TransactionalTestExecutionListener@2ccfb203, org.springframework.test.context.jdbc.SqlScriptsTestExecutionListener@5af090b5, org.springframework.security.test.context.support.WithSecurityContextTestExecutionListener@5fd4d567, org.springframework.security.test.context.support.ReactorContextTestExecutionListener@36fa9721, org.springframework.boot.test.autoconfigure.restdocs.RestDocsTestExecutionListener@67747457, org.springframework.boot.test.autoconfigure.web.client.MockRestServiceServerResetTestExecutionListener@395f3534, org.springframework.boot.test.autoconfigure.web.servlet.MockMvcPrintOnlyOnFailureTestExecutionListener@40d9a095, org.springframework.boot.test.autoconfigure.web.servlet.WebDriverTestExecutionListener@22f86430, org.springframework.boot.test.mock.mockito.ResetMocksTestExecutionListener@66ea6af4]
2021-11-08 23:48:39.681  INFO 26516 --- [    Test worker] o.a.c.c.C.[Tomcat].[localhost].[/]       : Initializing Spring TestDispatcherServlet ''
2021-11-08 23:48:39.681  INFO 26516 --- [    Test worker] o.s.t.web.servlet.TestDispatcherServlet  : Initializing Servlet ''
2021-11-08 23:48:39.684  INFO 26516 --- [    Test worker] o.s.t.web.servlet.TestDispatcherServlet  : Completed initialization in 3 ms
Hibernate: insert into posts (created_date, modified_date, author, content, title) values (?, ?, ?, ?, ?)
Hibernate: select posts0_.id as id1_0_, posts0_.created_date as created_2_0_, posts0_.modified_date as modified3_0_, posts0_.author as author4_0_, posts0_.content as content5_0_, posts0_.title as title6_0_ from posts posts0_
Hibernate: select posts0_.id as id1_0_, posts0_.created_date as created_2_0_, posts0_.modified_date as modified3_0_, posts0_.author as author4_0_, posts0_.content as content5_0_, posts0_.title as title6_0_ from posts posts0_
Hibernate: delete from posts where id=?
2021-11-08 23:48:39.761  INFO 26516 --- [    Test worker] o.a.c.c.C.[Tomcat].[localhost].[/]       : Initializing Spring TestDispatcherServlet ''
2021-11-08 23:48:39.761  INFO 26516 --- [    Test worker] o.s.t.web.servlet.TestDispatcherServlet  : Initializing Servlet ''
2021-11-08 23:48:39.763  INFO 26516 --- [    Test worker] o.s.t.web.servlet.TestDispatcherServlet  : Completed initialization in 2 ms
Hibernate: insert into posts (created_date, modified_date, author, content, title) values (?, ?, ?, ?, ?)
Hibernate: select posts0_.id as id1_0_0_, posts0_.created_date as created_2_0_0_, posts0_.modified_date as modified3_0_0_, posts0_.author as author4_0_0_, posts0_.content as content5_0_0_, posts0_.title as title6_0_0_ from posts posts0_ where posts0_.id=?
Hibernate: update posts set created_date=?, modified_date=?, author=?, content=?, title=? where id=?
Hibernate: select posts0_.id as id1_0_, posts0_.created_date as created_2_0_, posts0_.modified_date as modified3_0_, posts0_.author as author4_0_, posts0_.content as content5_0_, posts0_.title as title6_0_ from posts posts0_
Hibernate: select posts0_.id as id1_0_, posts0_.created_date as created_2_0_, posts0_.modified_date as modified3_0_, posts0_.author as author4_0_, posts0_.content as content5_0_, posts0_.title as title6_0_ from posts posts0_
Hibernate: delete from posts where id=?
]]></system-out>
  <system-err><![CDATA[]]></system-err>
</testsuite>
