<?xml version="1.0" encoding="UTF-8"?>
<testsuite name="com.leedo.book.springboot.web.ProfileControllerUnitTest" tests="1" skipped="0" failures="0" errors="0" timestamp="2021-11-11T10:43:12" hostname="DESKTOP-NK79HB5" time="0.167">
  <properties/>
  <testcase name="active_profile이_없으면_default가_조회된다" classname="com.leedo.book.springboot.web.ProfileControllerUnitTest" time="0.167"/>
  <system-out><![CDATA[]]></system-out>
  <system-err><![CDATA[]]></system-err>
</testsuite>
