<?xml version="1.0" encoding="UTF-8"?>
<testsuite name="com.leedo.book.springboot.domain.posts.PostsRepositoryTest" tests="2" skipped="0" failures="0" errors="0" timestamp="2021-11-08T14:48:36" hostname="DESKTOP-NK79HB5" time="0.214">
  <properties/>
  <testcase name="게시글저장_불러오기" classname="com.leedo.book.springboot.domain.posts.PostsRepositoryTest" time="0.204"/>
  <testcase name="BaseTimeEntity_등록" classname="com.leedo.book.springboot.domain.posts.PostsRepositoryTest" time="0.01"/>
  <system-out><![CDATA[2021-11-08 23:48:32.035  INFO 26516 --- [    Test worker] .b.t.c.SpringBootTestContextBootstrapper : Neither @ContextConfiguration nor @ContextHierarchy found for test class [com.leedo.book.springboot.domain.posts.PostsRepositoryTest], using SpringBootContextLoader
2021-11-08 23:48:32.036  INFO 26516 --- [    Test worker] o.s.t.c.support.AbstractContextLoader    : Could not detect default resource locations for test class [com.leedo.book.springboot.domain.posts.PostsRepositoryTest]: no resource found for suffixes {-context.xml, Context.groovy}.
2021-11-08 23:48:32.036  INFO 26516 --- [    Test worker] t.c.s.AnnotationConfigContextLoaderUtils : Could not detect default configuration classes for test class [com.leedo.book.springboot.domain.posts.PostsRepositoryTest]: PostsRepositoryTest does not declare any static, non-private, non-final, nested classes annotated with @Configuration.
2021-11-08 23:48:32.045  INFO 26516 --- [    Test worker] .b.t.c.SpringBootTestContextBootstrapper : Found @SpringBootConfiguration com.leedo.book.springboot.Application for test class com.leedo.book.springboot.domain.posts.PostsRepositoryTest
2021-11-08 23:48:32.046  INFO 26516 --- [    Test worker] .b.t.c.SpringBootTestContextBootstrapper : Loaded default TestExecutionListener class names from location [META-INF/spring.factories]: [org.springframework.security.test.context.support.WithSecurityContextTestExecutionListener, org.springframework.security.test.context.support.ReactorContextTestExecutionListener, org.springframework.boot.test.autoconfigure.restdocs.RestDocsTestExecutionListener, org.springframework.boot.test.autoconfigure.web.client.MockRestServiceServerResetTestExecutionListener, org.springframework.boot.test.autoconfigure.web.servlet.MockMvcPrintOnlyOnFailureTestExecutionListener, org.springframework.boot.test.autoconfigure.web.servlet.WebDriverTestExecutionListener, org.springframework.boot.test.mock.mockito.MockitoTestExecutionListener, org.springframework.boot.test.mock.mockito.ResetMocksTestExecutionListener, org.springframework.test.context.web.ServletTestExecutionListener, org.springframework.test.context.support.DirtiesContextBeforeModesTestExecutionListener, org.springframework.test.context.support.DependencyInjectionTestExecutionListener, org.springframework.test.context.support.DirtiesContextTestExecutionListener, org.springframework.test.context.transaction.TransactionalTestExecutionListener, org.springframework.test.context.jdbc.SqlScriptsTestExecutionListener]
2021-11-08 23:48:32.047  INFO 26516 --- [    Test worker] .b.t.c.SpringBootTestContextBootstrapper : Using TestExecutionListeners: [org.springframework.test.context.web.ServletTestExecutionListener@17a391f3, org.springframework.test.context.support.DirtiesContextBeforeModesTestExecutionListener@2d569167, org.springframework.boot.test.mock.mockito.MockitoTestExecutionListener@30378bad, org.springframework.boot.test.autoconfigure.SpringBootDependencyInjectionTestExecutionListener@6e5d9b7d, org.springframework.test.context.support.DirtiesContextTestExecutionListener@657aa34c, org.springframework.test.context.transaction.TransactionalTestExecutionListener@7cbecb2d, org.springframework.test.context.jdbc.SqlScriptsTestExecutionListener@70585df4, org.springframework.security.test.context.support.WithSecurityContextTestExecutionListener@72dca6f1, org.springframework.security.test.context.support.ReactorContextTestExecutionListener@428c0b25, org.springframework.boot.test.autoconfigure.restdocs.RestDocsTestExecutionListener@486147fa, org.springframework.boot.test.autoconfigure.web.client.MockRestServiceServerResetTestExecutionListener@7a6404ff, org.springframework.boot.test.autoconfigure.web.servlet.MockMvcPrintOnlyOnFailureTestExecutionListener@6d18de6c, org.springframework.boot.test.autoconfigure.web.servlet.WebDriverTestExecutionListener@4fef25c9, org.springframework.boot.test.mock.mockito.ResetMocksTestExecutionListener@df3e559]

  .   ____          _            __ _ _
 /\\ / ___'_ __ _ _(_)_ __  __ _ \ \ \ \
( ( )\___ | '_ | '_| | '_ \/ _` | \ \ \ \
 \\/  ___)| |_)| | | | | || (_| |  ) ) ) )
  '  |____| .__|_| |_|_| |_\__, | / / / /
 =========|_|==============|___/=/_/_/_/
 :: Spring Boot ::        (v2.1.7.RELEASE)

2021-11-08 23:48:32.070  INFO 26516 --- [    Test worker] c.l.b.s.d.posts.PostsRepositoryTest      : Starting PostsRepositoryTest on DESKTOP-NK79HB5 with PID 26516 (started by dlehg in E:\IdeaProjects\Springboot-webservice)
2021-11-08 23:48:32.070  INFO 26516 --- [    Test worker] c.l.b.s.d.posts.PostsRepositoryTest      : No active profile set, falling back to default profiles: default
2021-11-08 23:48:32.512  INFO 26516 --- [    Test worker] .s.d.r.c.RepositoryConfigurationDelegate : Bootstrapping Spring Data repositories in DEFAULT mode.
2021-11-08 23:48:32.592  INFO 26516 --- [    Test worker] .s.d.r.c.RepositoryConfigurationDelegate : Finished Spring Data repository scanning in 71ms. Found 2 repository interfaces.
2021-11-08 23:48:32.904  INFO 26516 --- [    Test worker] trationDelegate$BeanPostProcessorChecker : Bean 'org.springframework.transaction.annotation.ProxyTransactionManagementConfiguration' of type [org.springframework.transaction.annotation.ProxyTransactionManagementConfiguration$$EnhancerBySpringCGLIB$$52d443f2] is not eligible for getting processed by all BeanPostProcessors (for example: not eligible for auto-proxying)
2021-11-08 23:48:33.114  INFO 26516 --- [    Test worker] com.zaxxer.hikari.HikariDataSource       : HikariPool-1 - Starting...
2021-11-08 23:48:33.326  INFO 26516 --- [    Test worker] com.zaxxer.hikari.HikariDataSource       : HikariPool-1 - Start completed.
2021-11-08 23:48:33.430  INFO 26516 --- [    Test worker] o.hibernate.jpa.internal.util.LogHelper  : HHH000204: Processing PersistenceUnitInfo [
	name: default
	...]
2021-11-08 23:48:33.521  INFO 26516 --- [    Test worker] org.hibernate.Version                    : HHH000412: Hibernate Core {5.3.10.Final}
2021-11-08 23:48:33.524  INFO 26516 --- [    Test worker] org.hibernate.cfg.Environment            : HHH000206: hibernate.properties not found
2021-11-08 23:48:33.623  INFO 26516 --- [    Test worker] o.hibernate.annotations.common.Version   : HCANN000001: Hibernate Commons Annotations {5.0.4.Final}
2021-11-08 23:48:33.832  INFO 26516 --- [    Test worker] org.hibernate.dialect.Dialect            : HHH000400: Using dialect: org.hibernate.dialect.MySQL5Dialect
Hibernate: drop table if exists posts
Hibernate: drop table if exists user
Hibernate: create table posts (id bigint not null auto_increment, created_date datetime, modified_date datetime, author varchar(255), content TEXT not null, title varchar(500) not null, primary key (id)) engine=MyISAM
Hibernate: create table user (id bigint not null auto_increment, email varchar(255) not null, name varchar(255) not null, picture varchar(255), role varchar(255) not null, primary key (id)) engine=MyISAM
2021-11-08 23:48:34.696  INFO 26516 --- [    Test worker] o.h.t.schema.internal.SchemaCreatorImpl  : HHH000476: Executing import script 'org.hibernate.tool.schema.internal.exec.ScriptSourceInputNonExistentImpl@48a57f82'
2021-11-08 23:48:34.699  INFO 26516 --- [    Test worker] j.LocalContainerEntityManagerFactoryBean : Initialized JPA EntityManagerFactory for persistence unit 'default'
2021-11-08 23:48:35.298  INFO 26516 --- [    Test worker] o.h.h.i.QueryTranslatorFactoryInitiator  : HHH000397: Using ASTQueryTranslatorFactory
2021-11-08 23:48:35.679  INFO 26516 --- [    Test worker] o.s.s.web.DefaultSecurityFilterChain     : Creating filter chain: any request, [org.springframework.security.web.context.request.async.WebAsyncManagerIntegrationFilter@61ed0e77, org.springframework.security.web.context.SecurityContextPersistenceFilter@7a5ff8f1, org.springframework.security.web.header.HeaderWriterFilter@48a9d51c, org.springframework.security.web.authentication.logout.LogoutFilter@34bebfcb, org.springframework.security.oauth2.client.web.OAuth2AuthorizationRequestRedirectFilter@3c26cd18, org.springframework.security.oauth2.client.web.OAuth2LoginAuthenticationFilter@49d01355, org.springframework.security.web.authentication.ui.DefaultLoginPageGeneratingFilter@3123516e, org.springframework.security.web.authentication.ui.DefaultLogoutPageGeneratingFilter@1283b26c, org.springframework.security.web.savedrequest.RequestCacheAwareFilter@49c6f345, org.springframework.security.web.servletapi.SecurityContextHolderAwareRequestFilter@4fc1ce54, org.springframework.security.web.authentication.AnonymousAuthenticationFilter@5b0041d2, org.springframework.security.web.session.SessionManagementFilter@2cca4ac8, org.springframework.security.web.access.ExceptionTranslationFilter@529c36c1, org.springframework.security.web.access.intercept.FilterSecurityInterceptor@359c954f]
2021-11-08 23:48:36.149  INFO 26516 --- [    Test worker] o.s.s.concurrent.ThreadPoolTaskExecutor  : Initializing ExecutorService 'applicationTaskExecutor'
2021-11-08 23:48:36.169  WARN 26516 --- [    Test worker] aWebConfiguration$JpaWebMvcConfiguration : spring.jpa.open-in-view is enabled by default. Therefore, database queries may be performed during view rendering. Explicitly configure spring.jpa.open-in-view to disable this warning
2021-11-08 23:48:36.211  INFO 26516 --- [    Test worker] o.s.b.a.w.s.WelcomePageHandlerMapping    : Adding welcome page template: index
2021-11-08 23:48:36.710  INFO 26516 --- [    Test worker] s.a.ScheduledAnnotationBeanPostProcessor : No TaskScheduler/ScheduledExecutorService bean found for scheduled processing
2021-11-08 23:48:36.718  INFO 26516 --- [    Test worker] c.l.b.s.d.posts.PostsRepositoryTest      : Started PostsRepositoryTest in 4.669 seconds (JVM running for 9.541)
Hibernate: insert into posts (created_date, modified_date, author, content, title) values (?, ?, ?, ?, ?)
Hibernate: select posts0_.id as id1_0_, posts0_.created_date as created_2_0_, posts0_.modified_date as modified3_0_, posts0_.author as author4_0_, posts0_.content as content5_0_, posts0_.title as title6_0_ from posts posts0_
Hibernate: select posts0_.id as id1_0_, posts0_.created_date as created_2_0_, posts0_.modified_date as modified3_0_, posts0_.author as author4_0_, posts0_.content as content5_0_, posts0_.title as title6_0_ from posts posts0_
Hibernate: delete from posts where id=?
Hibernate: insert into posts (created_date, modified_date, author, content, title) values (?, ?, ?, ?, ?)
Hibernate: select posts0_.id as id1_0_, posts0_.created_date as created_2_0_, posts0_.modified_date as modified3_0_, posts0_.author as author4_0_, posts0_.content as content5_0_, posts0_.title as title6_0_ from posts posts0_
>>>>>>>>>>>>>> createDate =2021-11-08T23:48:36.930,modifedDate =2021-11-08T23:48:36.930
Hibernate: select posts0_.id as id1_0_, posts0_.created_date as created_2_0_, posts0_.modified_date as modified3_0_, posts0_.author as author4_0_, posts0_.content as content5_0_, posts0_.title as title6_0_ from posts posts0_
Hibernate: delete from posts where id=?
]]></system-out>
  <system-err><![CDATA[]]></system-err>
</testsuite>
